# JRE version: OpenJDK Runtime Environment Temurin-21.0.10+7 (21.0.10+7) (build 21.0.10+7-LTS)
# Java VM: OpenJDK 64-Bit Server VM Temurin-21.0.10+7 (21.0.10+7-LTS, mixed mode, sharing, tiered, compressed oops, compressed class ptrs, parallel gc, windows-amd64)
GC Precious Log:
 CardTable entry size: 512
 CPUs: 12 total, 12 available
 Memory: 7365M
 Large Page Support: Disabled
 NUMA Support: Disabled
 Compressed Oops: Enabled (32-bit)
 Alignments: Space 512K, Generation 512K, Heap 2M
 Heap Min Capacity: 100M
 Heap Initial Capacity: 100M
 Heap Max Capacity: 2G
 Pre-touch: Disabled
 Parallel Workers: 10
Heap:
 PSYoungGen      total 23040K, used 11776K [0x00000000d5580000, 0x00000000d6d00000, 0x0000000100000000)
  eden space 22016K, 51% used [0x00000000d5580000,0x00000000d6088520,0x00000000d6b00000)
  from space 1024K, 46% used [0x00000000d6c00000,0x00000000d6c77bc8,0x00000000d6d00000)
  to   space 1024K, 0% used [0x00000000d6b00000,0x00000000d6b00000,0x00000000d6c00000)
 ParOldGen       total 1053696K, used 762851K [0x0000000080000000, 0x00000000c0500000, 0x00000000d5580000)
  object space 1053696K, 72% used [0x0000000080000000,0x00000000ae8f8c98,0x00000000c0500000)
 Metaspace       used 91887K, committed 93824K, reserved 1179648K
  class space    used 9240K, committed 10112K, reserved 1048576K
GC Heap History (20 events):
Event: 975.142 GC heap before
{Heap before GC invocations=3630 (full 5):
 PSYoungGen      total 22528K, used 21731K [0x00000000d5580000, 0x00000000d6c80000, 0x0000000100000000)
  eden space 22016K, 97% used [0x00000000d5580000,0x00000000d6a72680,0x00000000d6b00000)
  from space 512K, 55% used [0x00000000d6c00000,0x00000000d6c46900,0x00000000d6c80000)
  to   space 512K, 0% used [0x00000000d6b00000,0x00000000d6b00000,0x00000000d6b80000)
 ParOldGen       total 1053696K, used 762203K [0x0000000080000000, 0x00000000c0500000, 0x00000000d5580000)
  object space 1053696K, 72% used [0x0000000080000000,0x00000000ae856c98,0x00000000c0500000)
 Metaspace       used 91842K, committed 93824K, reserved 1179648K
  class space    used 9236K, committed 10112K, reserved 1048576K
}
Event: 975.145 GC heap after
{Heap after GC invocations=3630 (full 5):
 PSYoungGen      total 22528K, used 186K [0x00000000d5580000, 0x00000000d6c80000, 0x0000000100000000)
  eden space 22016K, 0% used [0x00000000d5580000,0x00000000d5580000,0x00000000d6b00000)
  from space 512K, 36% used [0x00000000d6b00000,0x00000000d6b2e900,0x00000000d6b80000)
  to   space 512K, 0% used [0x00000000d6c00000,0x00000000d6c00000,0x00000000d6c80000)
 ParOldGen       total 1053696K, used 762219K [0x0000000080000000, 0x00000000c0500000, 0x00000000d5580000)
  object space 1053696K, 72% used [0x0000000080000000,0x00000000ae85ac98,0x00000000c0500000)
 Metaspace       used 91842K, committed 93824K, reserved 1179648K
  class space    used 9236K, committed 10112K, reserved 1048576K
}
Event: 975.196 GC heap before
{Heap before GC invocations=3631 (full 5):
 PSYoungGen      total 22528K, used 22050K [0x00000000d5580000, 0x00000000d6c80000, 0x0000000100000000)
  eden space 22016K, 99% used [0x00000000d5580000,0x00000000d6ada2c0,0x00000000d6b00000)
  from space 512K, 36% used [0x00000000d6b00000,0x00000000d6b2e900,0x00000000d6b80000)
  to   space 512K, 0% used [0x00000000d6c00000,0x00000000d6c00000,0x00000000d6c80000)
 ParOldGen       total 1053696K, used 762219K [0x0000000080000000, 0x00000000c0500000, 0x00000000d5580000)
  object space 1053696K, 72% used [0x0000000080000000,0x00000000ae85ac98,0x00000000c0500000)
 Metaspace       used 91844K, committed 93824K, reserved 1179648K
  class space    used 9236K, committed 10112K, reserved 1048576K
}
Event: 975.198 GC heap after
{Heap after GC invocations=3631 (full 5):
 PSYoungGen      total 22528K, used 346K [0x00000000d5580000, 0x00000000d6c80000, 0x0000000100000000)
  eden space 22016K, 0% used [0x00000000d5580000,0x00000000d5580000,0x00000000d6b00000)
  from space 512K, 67% used [0x00000000d6c00000,0x00000000d6c56900,0x00000000d6c80000)
  to   space 512K, 0% used [0x00000000d6b00000,0x00000000d6b00000,0x00000000d6b80000)
 ParOldGen       total 1053696K, used 762251K [0x0000000080000000, 0x00000000c0500000, 0x00000000d5580000)
  object space 1053696K, 72% used [0x0000000080000000,0x00000000ae862c98,0x00000000c0500000)
 Metaspace       used 91844K, committed 93824K, reserved 1179648K
  class space    used 9236K, committed 10112K, reserved 1048576K
}
Event: 975.289 GC heap before
{Heap before GC invocations=3632 (full 5):
 PSYoungGen      total 22528K, used 21636K [0x00000000d5580000, 0x00000000d6c80000, 0x0000000100000000)
  eden space 22016K, 96% used [0x00000000d5580000,0x00000000d6a4a968,0x00000000d6b00000)
  from space 512K, 67% used [0x00000000d6c00000,0x00000000d6c56900,0x00000000d6c80000)
  to   space 512K, 0% used [0x00000000d6b00000,0x00000000d6b00000,0x00000000d6b80000)
 ParOldGen       total 1053696K, used 762251K [0x0000000080000000, 0x00000000c0500000, 0x00000000d5580000)
  object space 1053696K, 72% used [0x0000000080000000,0x00000000ae862c98,0x00000000c0500000)
 Metaspace       used 91844K, committed 93824K, reserved 1179648K
  class space    used 9236K, committed 10112K, reserved 1048576K
}
Event: 975.291 GC heap after
{Heap after GC invocations=3632 (full 5):
 PSYoungGen      total 22528K, used 282K [0x00000000d5580000, 0x00000000d6c80000, 0x0000000100000000)
  eden space 22016K, 0% used [0x00000000d5580000,0x00000000d5580000,0x00000000d6b00000)
  from space 512K, 55% used [0x00000000d6b00000,0x00000000d6b46900,0x00000000d6b80000)
  to   space 512K, 0% used [0x00000000d6c00000,0x00000000d6c00000,0x00000000d6c80000)
 ParOldGen       total 1053696K, used 762371K [0x0000000080000000, 0x00000000c0500000, 0x00000000d5580000)
  object space 1053696K, 72% used [0x0000000080000000,0x00000000ae880c98,0x00000000c0500000)
 Metaspace       used 91844K, committed 93824K, reserved 1179648K
  class space    used 9236K, committed 10112K, reserved 1048576K
}
Event: 975.362 GC heap before
{Heap before GC invocations=3633 (full 5):
 PSYoungGen      total 22528K, used 21548K [0x00000000d5580000, 0x00000000d6c80000, 0x0000000100000000)
  eden space 22016K, 96% used [0x00000000d5580000,0x00000000d6a44ad8,0x00000000d6b00000)
  from space 512K, 55% used [0x00000000d6b00000,0x00000000d6b46900,0x00000000d6b80000)
  to   space 512K, 0% used [0x00000000d6c00000,0x00000000d6c00000,0x00000000d6c80000)
 ParOldGen       total 1053696K, used 762371K [0x0000000080000000, 0x00000000c0500000, 0x00000000d5580000)
  object space 1053696K, 72% used [0x0000000080000000,0x00000000ae880c98,0x00000000c0500000)
 Metaspace       used 91844K, committed 93824K, reserved 1179648K
  class space    used 9236K, committed 10112K, reserved 1048576K
}
Event: 975.364 GC heap after
{Heap after GC invocations=3633 (full 5):
 PSYoungGen      total 22528K, used 378K [0x00000000d5580000, 0x00000000d6c80000, 0x0000000100000000)
  eden space 22016K, 0% used [0x00000000d5580000,0x00000000d5580000,0x00000000d6b00000)
  from space 512K, 73% used [0x00000000d6c00000,0x00000000d6c5e900,0x00000000d6c80000)
  to   space 512K, 0% used [0x00000000d6b00000,0x00000000d6b00000,0x00000000d6b80000)
 ParOldGen       total 1053696K, used 762459K [0x0000000080000000, 0x00000000c0500000, 0x00000000d5580000)
  object space 1053696K, 72% used [0x0000000080000000,0x00000000ae896c98,0x00000000c0500000)
 Metaspace       used 91844K, committed 93824K, reserved 1179648K
  class space    used 9236K, committed 10112K, reserved 1048576K
}
Event: 975.427 GC heap before
{Heap before GC invocations=3634 (full 5):
 PSYoungGen      total 22528K, used 21825K [0x00000000d5580000, 0x00000000d6c80000, 0x0000000100000000)
  eden space 22016K, 97% used [0x00000000d5580000,0x00000000d6a71cd8,0x00000000d6b00000)
  from space 512K, 73% used [0x00000000d6c00000,0x00000000d6c5e900,0x00000000d6c80000)
  to   space 512K, 0% used [0x00000000d6b00000,0x00000000d6b00000,0x00000000d6b80000)
 ParOldGen       total 1053696K, used 762459K [0x0000000080000000, 0x00000000c0500000, 0x00000000d5580000)
  object space 1053696K, 72% used [0x0000000080000000,0x00000000ae896c98,0x00000000c0500000)
 Metaspace       used 91844K, committed 93824K, reserved 1179648K
  class space    used 9236K, committed 10112K, reserved 1048576K
}
Event: 975.430 GC heap after
{Heap after GC invocations=3634 (full 5):
 PSYoungGen      total 22528K, used 346K [0x00000000d5580000, 0x00000000d6c80000, 0x0000000100000000)
  eden space 22016K, 0% used [0x00000000d5580000,0x00000000d5580000,0x00000000d6b00000)
  from space 512K, 67% used [0x00000000d6b00000,0x00000000d6b56900,0x00000000d6b80000)
  to   space 512K, 0% used [0x00000000d6c00000,0x00000000d6c00000,0x00000000d6c80000)
 ParOldGen       total 1053696K, used 762499K [0x0000000080000000, 0x00000000c0500000, 0x00000000d5580000)
  object space 1053696K, 72% used [0x0000000080000000,0x00000000ae8a0c98,0x00000000c0500000)
 Metaspace       used 91844K, committed 93824K, reserved 1179648K
  class space    used 9236K, committed 10112K, reserved 1048576K
}
Event: 975.499 GC heap before
{Heap before GC invocations=3635 (full 5):
 PSYoungGen      total 22528K, used 21830K [0x00000000d5580000, 0x00000000d6c80000, 0x0000000100000000)
  eden space 22016K, 97% used [0x00000000d5580000,0x00000000d6a7af98,0x00000000d6b00000)
  from space 512K, 67% used [0x00000000d6b00000,0x00000000d6b56900,0x00000000d6b80000)
  to   space 512K, 0% used [0x00000000d6c00000,0x00000000d6c00000,0x00000000d6c80000)
 ParOldGen       total 1053696K, used 762499K [0x0000000080000000, 0x00000000c0500000, 0x00000000d5580000)
  object space 1053696K, 72% used [0x0000000080000000,0x00000000ae8a0c98,0x00000000c0500000)
 Metaspace       used 91844K, committed 93824K, reserved 1179648K
  class space    used 9236K, committed 10112K, reserved 1048576K
}
Event: 975.502 GC heap after
{Heap after GC invocations=3635 (full 5):
 PSYoungGen      total 22528K, used 250K [0x00000000d5580000, 0x00000000d6c80000, 0x0000000100000000)
  eden space 22016K, 0% used [0x00000000d5580000,0x00000000d5580000,0x00000000d6b00000)
  from space 512K, 48% used [0x00000000d6c00000,0x00000000d6c3e900,0x00000000d6c80000)
  to   space 512K, 0% used [0x00000000d6b00000,0x00000000d6b00000,0x00000000d6b80000)
 ParOldGen       total 1053696K, used 762579K [0x0000000080000000, 0x00000000c0500000, 0x00000000d5580000)
  object space 1053696K, 72% used [0x0000000080000000,0x00000000ae8b4c98,0x00000000c0500000)
 Metaspace       used 91844K, committed 93824K, reserved 1179648K
  class space    used 9236K, committed 10112K, reserved 1048576K
}
Event: 975.552 GC heap before
{Heap before GC invocations=3636 (full 5):
 PSYoungGen      total 22528K, used 20818K [0x00000000d5580000, 0x00000000d6c80000, 0x0000000100000000)
  eden space 22016K, 93% used [0x00000000d5580000,0x00000000d6996218,0x00000000d6b00000)
  from space 512K, 48% used [0x00000000d6c00000,0x00000000d6c3e900,0x00000000d6c80000)
  to   space 512K, 0% used [0x00000000d6b00000,0x00000000d6b00000,0x00000000d6b80000)
 ParOldGen       total 1053696K, used 762579K [0x0000000080000000, 0x00000000c0500000, 0x00000000d5580000)
  object space 1053696K, 72% used [0x0000000080000000,0x00000000ae8b4c98,0x00000000c0500000)
 Metaspace       used 91844K, committed 93824K, reserved 1179648K
  class space    used 9236K, committed 10112K, reserved 1048576K
}
Event: 975.555 GC heap after
{Heap after GC invocations=3636 (full 5):
 PSYoungGen      total 22528K, used 256K [0x00000000d5580000, 0x00000000d6c80000, 0x0000000100000000)
  eden space 22016K, 0% used [0x00000000d5580000,0x00000000d5580000,0x00000000d6b00000)
  from space 512K, 50% used [0x00000000d6b00000,0x00000000d6b40000,0x00000000d6b80000)
  to   space 512K, 0% used [0x00000000d6c00000,0x00000000d6c00000,0x00000000d6c80000)
 ParOldGen       total 1053696K, used 762603K [0x0000000080000000, 0x00000000c0500000, 0x00000000d5580000)
  object space 1053696K, 72% used [0x0000000080000000,0x00000000ae8bac98,0x00000000c0500000)
 Metaspace       used 91844K, committed 93824K, reserved 1179648K
  class space    used 9236K, committed 10112K, reserved 1048576K
}
Event: 975.691 GC heap before
{Heap before GC invocations=3637 (full 5):
 PSYoungGen      total 22528K, used 22272K [0x00000000d5580000, 0x00000000d6c80000, 0x0000000100000000)
  eden space 22016K, 100% used [0x00000000d5580000,0x00000000d6b00000,0x00000000d6b00000)
  from space 512K, 50% used [0x00000000d6b00000,0x00000000d6b40000,0x00000000d6b80000)
  to   space 512K, 0% used [0x00000000d6c00000,0x00000000d6c00000,0x00000000d6c80000)
 ParOldGen       total 1053696K, used 762603K [0x0000000080000000, 0x00000000c0500000, 0x00000000d5580000)
  object space 1053696K, 72% used [0x0000000080000000,0x00000000ae8bac98,0x00000000c0500000)
 Metaspace       used 91853K, committed 93824K, reserved 1179648K
  class space    used 9236K, committed 10112K, reserved 1048576K
}
Event: 975.694 GC heap after
{Heap after GC invocations=3637 (full 5):
 PSYoungGen      total 22528K, used 500K [0x00000000d5580000, 0x00000000d6d00000, 0x0000000100000000)
  eden space 22016K, 0% used [0x00000000d5580000,0x00000000d5580000,0x00000000d6b00000)
  from space 512K, 97% used [0x00000000d6c00000,0x00000000d6c7d200,0x00000000d6c80000)
  to   space 1024K, 0% used [0x00000000d6b00000,0x00000000d6b00000,0x00000000d6c00000)
 ParOldGen       total 1053696K, used 762667K [0x0000000080000000, 0x00000000c0500000, 0x00000000d5580000)
  object space 1053696K, 72% used [0x0000000080000000,0x00000000ae8cac98,0x00000000c0500000)
 Metaspace       used 91853K, committed 93824K, reserved 1179648K
  class space    used 9236K, committed 10112K, reserved 1048576K
}
Event: 975.858 GC heap before
{Heap before GC invocations=3638 (full 5):
 PSYoungGen      total 22528K, used 22516K [0x00000000d5580000, 0x00000000d6d00000, 0x0000000100000000)
  eden space 22016K, 100% used [0x00000000d5580000,0x00000000d6b00000,0x00000000d6b00000)
  from space 512K, 97% used [0x00000000d6c00000,0x00000000d6c7d200,0x00000000d6c80000)
  to   space 1024K, 0% used [0x00000000d6b00000,0x00000000d6b00000,0x00000000d6c00000)
 ParOldGen       total 1053696K, used 762667K [0x0000000080000000, 0x00000000c0500000, 0x00000000d5580000)
  object space 1053696K, 72% used [0x0000000080000000,0x00000000ae8cac98,0x00000000c0500000)
 Metaspace       used 91855K, committed 93824K, reserved 1179648K
  class space    used 9236K, committed 10112K, reserved 1048576K
}
Event: 975.861 GC heap after
{Heap after GC invocations=3638 (full 5):
 PSYoungGen      total 23040K, used 596K [0x00000000d5580000, 0x00000000d6d00000, 0x0000000100000000)
  eden space 22016K, 0% used [0x00000000d5580000,0x00000000d5580000,0x00000000d6b00000)
  from space 1024K, 58% used [0x00000000d6b00000,0x00000000d6b95200,0x00000000d6c00000)
  to   space 1024K, 0% used [0x00000000d6c00000,0x00000000d6c00000,0x00000000d6d00000)
 ParOldGen       total 1053696K, used 762739K [0x0000000080000000, 0x00000000c0500000, 0x00000000d5580000)
  object space 1053696K, 72% used [0x0000000080000000,0x00000000ae8dcc98,0x00000000c0500000)
 Metaspace       used 91855K, committed 93824K, reserved 1179648K
  class space    used 9236K, committed 10112K, reserved 1048576K
}
Event: 976.192 GC heap before
{Heap before GC invocations=3639 (full 5):
 PSYoungGen      total 23040K, used 22612K [0x00000000d5580000, 0x00000000d6d00000, 0x0000000100000000)
  eden space 22016K, 100% used [0x00000000d5580000,0x00000000d6b00000,0x00000000d6b00000)
  from space 1024K, 58% used [0x00000000d6b00000,0x00000000d6b95200,0x00000000d6c00000)
  to   space 1024K, 0% used [0x00000000d6c00000,0x00000000d6c00000,0x00000000d6d00000)
 ParOldGen       total 1053696K, used 762739K [0x0000000080000000, 0x00000000c0500000, 0x00000000d5580000)
  object space 1053696K, 72% used [0x0000000080000000,0x00000000ae8dcc98,0x00000000c0500000)
 Metaspace       used 91861K, committed 93824K, reserved 1179648K
  class space    used 9236K, committed 10112K, reserved 1048576K
}
Event: 976.196 GC heap after
{Heap after GC invocations=3639 (full 5):
 PSYoungGen      total 23040K, used 478K [0x00000000d5580000, 0x00000000d6d00000, 0x0000000100000000)
  eden space 22016K, 0% used [0x00000000d5580000,0x00000000d5580000,0x00000000d6b00000)
  from space 1024K, 46% used [0x00000000d6c00000,0x00000000d6c77bc8,0x00000000d6d00000)
  to   space 1024K, 0% used [0x00000000d6b00000,0x00000000d6b00000,0x00000000d6c00000)
 ParOldGen       total 1053696K, used 762851K [0x0000000080000000, 0x00000000c0500000, 0x00000000d5580000)
  object space 1053696K, 72% used [0x0000000080000000,0x00000000ae8f8c98,0x00000000c0500000)
 Metaspace       used 91861K, committed 93824K, reserved 1179648K
  class space    used 9236K, committed 10112K, reserved 1048576K
}

